1541407964903	mozrunner::runner	INFO	Running command: "/Applications/Firefox.app/Contents/MacOS/firefox-bin" "-marionette" "-foreground" "-no-remote" "-profile" "/var/folders/dj/j2d5s1ts7fj2f8sjk7kpn42r0000gn/T/rust_mozprofile.HM6Jn5fk0Mqb"
2018-11-05 09:52:46.790 plugin-container[24112:398313] *** CFMessagePort: bootstrap_register(): failed 1100 (0x44c) 'Permission denied', port = 0x753f, name = 'com.apple.tsm.portname'
See /usr/include/servers/bootstrap_defs.h for the error codes.
2018-11-05 09:52:47.271 plugin-container[24113:398346] *** CFMessagePort: bootstrap_register(): failed 1100 (0x44c) 'Permission denied', port = 0x7603, name = 'com.apple.tsm.portname'
See /usr/include/servers/bootstrap_defs.h for the error codes.
1541407967619	Marionette	INFO	Listening on port 53338
1541407967723	Marionette	WARN	TLS certificate errors will be ignored for this session
1541407967768	Marionette	DEBUG	[4294967297] Frame script loaded
1541407967802	Marionette	DEBUG	[4294967297] Frame script registered
1541407967868	Marionette	DEBUG	[4294967297] Received DOM event beforeunload for about:blank
1541407968098	Marionette	DEBUG	[4294967297] Received DOM event pagehide for about:blank
2018-11-05 09:52:48.108 plugin-container[24114:398457] *** CFMessagePort: bootstrap_register(): failed 1100 (0x44c) 'Permission denied', port = 0x793f, name = 'com.apple.tsm.portname'
See /usr/include/servers/bootstrap_defs.h for the error codes.
1541407969741	Marionette	DEBUG	[4294967297] Received DOM event DOMContentLoaded for https://www.amazon.es/Hooked-Build-Habit-Forming-Products-Portfolio/dp/0241184835
1541407970872	Marionette	DEBUG	[4294967297] Received DOM event pageshow for https://www.amazon.es/Hooked-Build-Habit-Forming-Products-Portfolio/dp/0241184835
JavaScript warning: https://www.amazon.es/Hooked-Build-Habit-Forming-Products-Portfolio/dp/0241184835, line 51: Using //@ to indicate sourceURL pragmas is deprecated. Use //# instead
1541408039503	mozrunner::runner	INFO	Running command: "/Applications/Firefox.app/Contents/MacOS/firefox-bin" "-marionette" "-foreground" "-no-remote" "-profile" "/var/folders/dj/j2d5s1ts7fj2f8sjk7kpn42r0000gn/T/rust_mozprofile.R4uArF0ruapl"
2018-11-05 09:54:04.092 plugin-container[24145:399650] *** CFMessagePort: bootstrap_register(): failed 1100 (0x44c) 'Permission denied', port = 0x7343, name = 'com.apple.tsm.portname'
See /usr/include/servers/bootstrap_defs.h for the error codes.
2018-11-05 09:54:04.435 plugin-container[24146:399709] *** CFMessagePort: bootstrap_register(): failed 1100 (0x44c) 'Permission denied', port = 0x7203, name = 'com.apple.tsm.portname'
See /usr/include/servers/bootstrap_defs.h for the error codes.
1541408044864	Marionette	INFO	Listening on port 53535
2018-11-05 09:54:05.197 plugin-container[24147:399826] *** CFMessagePort: bootstrap_register(): failed 1100 (0x44c) 'Permission denied', port = 0x923f, name = 'com.apple.tsm.portname'
See /usr/include/servers/bootstrap_defs.h for the error codes.
1541408048668	Marionette	INFO	Stopped listening on port 53535
1541408050274	Marionette	INFO	Stopped listening on port 53338
1541408054425	mozrunner::runner	INFO	Running command: "/Applications/Firefox.app/Contents/MacOS/firefox-bin" "-marionette" "-foreground" "-no-remote" "-profile" "/var/folders/dj/j2d5s1ts7fj2f8sjk7kpn42r0000gn/T/rust_mozprofile.QeenqIe2Z2yw"
2018-11-05 09:54:15.608 plugin-container[24151:400073] *** CFMessagePort: bootstrap_register(): failed 1100 (0x44c) 'Permission denied', port = 0x8743, name = 'com.apple.tsm.portname'
See /usr/include/servers/bootstrap_defs.h for the error codes.
2018-11-05 09:54:15.884 plugin-container[24152:400097] *** CFMessagePort: bootstrap_register(): failed 1100 (0x44c) 'Permission denied', port = 0x863f, name = 'com.apple.tsm.portname'
See /usr/include/servers/bootstrap_defs.h for the error codes.
1541408056082	Marionette	INFO	Listening on port 53562
1541408056170	Marionette	WARN	TLS certificate errors will be ignored for this session
1541408056209	Marionette	DEBUG	[4294967297] Frame script loaded
1541408056228	Marionette	DEBUG	[4294967297] Frame script registered
1541408056247	Marionette	DEBUG	[4294967297] Received DOM event beforeunload for about:blank
1541408056395	Marionette	DEBUG	[4294967297] Received DOM event pagehide for about:blank
2018-11-05 09:54:16.661 plugin-container[24153:400219] *** CFMessagePort: bootstrap_register(): failed 1100 (0x44c) 'Permission denied', port = 0x9337, name = 'com.apple.tsm.portname'
See /usr/include/servers/bootstrap_defs.h for the error codes.
1541408058281	Marionette	DEBUG	[4294967297] Received DOM event DOMContentLoaded for https://www.amazon.es/Hooked-Build-Habit-Forming-Products-Portfolio/dp/0241184835
1541408059008	Marionette	DEBUG	[4294967297] Received DOM event pageshow for https://www.amazon.es/Hooked-Build-Habit-Forming-Products-Portfolio/dp/0241184835
1541408059467	Marionette	INFO	Stopped listening on port 53562
JavaScript warning: https://www.amazon.es/Hooked-Build-Habit-Forming-Products-Portfolio/dp/0241184835, line 51: Using //@ to indicate sourceURL pragmas is deprecated. Use //# instead
1541413726251	mozrunner::runner	INFO	Running command: "/Applications/Firefox.app/Contents/MacOS/firefox-bin" "-marionette" "-foreground" "-no-remote" "-profile" "/var/folders/dj/j2d5s1ts7fj2f8sjk7kpn42r0000gn/T/rust_mozprofile.DbdQor5ld1LH"
2018-11-05 11:28:47.875 plugin-container[25551:445551] *** CFMessagePort: bootstrap_register(): failed 1100 (0x44c) 'Permission denied', port = 0x7803, name = 'com.apple.tsm.portname'
See /usr/include/servers/bootstrap_defs.h for the error codes.
2018-11-05 11:28:48.280 plugin-container[25552:445580] *** CFMessagePort: bootstrap_register(): failed 1100 (0x44c) 'Permission denied', port = 0x7d3f, name = 'com.apple.tsm.portname'
See /usr/include/servers/bootstrap_defs.h for the error codes.
1541413728608	Marionette	INFO	Listening on port 62628
1541413728666	Marionette	WARN	TLS certificate errors will be ignored for this session
1541413728717	Marionette	DEBUG	[4294967297] Frame script loaded
1541413728727	Marionette	DEBUG	[4294967297] Frame script registered
1541413728746	Marionette	DEBUG	[4294967297] Received DOM event beforeunload for about:blank
1541413728975	Marionette	DEBUG	[4294967297] Received DOM event pagehide for about:blank
2018-11-05 11:28:49.405 plugin-container[25553:445700] *** CFMessagePort: bootstrap_register(): failed 1100 (0x44c) 'Permission denied', port = 0x870b, name = 'com.apple.tsm.portname'
See /usr/include/servers/bootstrap_defs.h for the error codes.
1541413731008	Marionette	DEBUG	[4294967297] Received DOM event DOMContentLoaded for https://www.amazon.es/Hooked-Build-Habit-Forming-Products-Portfolio/dp/0241184835
1541413731753	Marionette	DEBUG	[4294967297] Received DOM event pageshow for https://www.amazon.es/Hooked-Build-Habit-Forming-Products-Portfolio/dp/0241184835
JavaScript warning: https://www.amazon.es/Hooked-Build-Habit-Forming-Products-Portfolio/dp/0241184835, line 51: Using //@ to indicate sourceURL pragmas is deprecated. Use //# instead
1541413732278	Marionette	INFO	Stopped listening on port 62628
JavaScript error: chrome://browser/content/browser-places.js, line 659: TypeError: gBrowser is undefined
